<?xml version="1.0" encoding="UTF-8"?>
<!-- Generated by org.testng.reporters.JUnitReportReporter -->
<testsuite hostname="home-laptop" failures="0" tests="3" name="com.toolshop.tests.BrandPostValidationTests" time="11.481" errors="0" timestamp="2025-01-07T17:50:48 IST" skipped="0">
  <testcase classname="com.toolshop.tests.BrandPostValidationTests" name="createNewBrandWithValidData" time="9.536"/>
  <testcase classname="com.toolshop.tests.BrandPostValidationTests" name="createNewBrandWithMissingNameField" time="0.724"/>
  <testcase classname="com.toolshop.tests.BrandPostValidationTests" name="createNewBrandWithMissingSlugField" time="1.221"/>
</testsuite> <!-- com.toolshop.tests.BrandPostValidationTests -->
