<?xml version="1.0" encoding="UTF-8"?>
<!-- Generated by org.testng.reporters.JUnitReportReporter -->
<testsuite hostname="home-laptop" failures="0" tests="1" name="com.toolshop.tests.BrandApiTest" time="7.871" errors="0" timestamp="2025-01-02T19:13:50 IST" skipped="0">
  <testcase classname="com.toolshop.tests.BrandApiTest" name="testGetBrands" time="7.871"/>
</testsuite> <!-- com.toolshop.tests.BrandApiTest -->
