<?xml version="1.0" encoding="UTF-8"?>
<!-- Generated by org.testng.reporters.JUnitReportReporter -->
<testsuite hostname="home-laptop" failures="0" tests="3" name="com.toolshop.tests.BrandGetValidationTests" time="1.963" errors="0" timestamp="2025-01-09T19:21:54 IST" skipped="0">
  <testcase classname="com.toolshop.tests.BrandGetValidationTests" name="getAllBrands" time="0.707"/>
  <testcase classname="com.toolshop.tests.BrandGetValidationTests" name="getBrandByValidId" time="0.620"/>
  <testcase classname="com.toolshop.tests.BrandGetValidationTests" name="getBrandByInValidId" time="0.636"/>
</testsuite> <!-- com.toolshop.tests.BrandGetValidationTests -->
