<?xml version="1.0" encoding="UTF-8"?>
<!-- Generated by org.testng.reporters.JUnitReportReporter -->
<testsuite hostname="home-laptop" failures="0" tests="3" name="com.toolshop.tests.BrandPostValidationTests" time="8.839" errors="0" timestamp="2025-01-09T19:21:54 IST" skipped="0">
  <testcase classname="com.toolshop.tests.BrandPostValidationTests" name="createNewBrandWithValidData" time="7.457"/>
  <testcase classname="com.toolshop.tests.BrandPostValidationTests" name="createNewBrandWithMissingNameField" time="0.666"/>
  <testcase classname="com.toolshop.tests.BrandPostValidationTests" name="createNewBrandWithMissingSlugField" time="0.716"/>
</testsuite> <!-- com.toolshop.tests.BrandPostValidationTests -->
