<?xml version="1.0" encoding="UTF-8"?>
<!-- Generated by org.testng.reporters.JUnitReportReporter -->
<testsuite hostname="home-laptop" failures="0" tests="3" name="com.toolshop.tests.BrandGetValidationTest" time="2.084" errors="0" timestamp="2025-01-07T17:50:48 IST" skipped="0">
  <testcase classname="com.toolshop.tests.BrandGetValidationTest" name="getAllBrands" time="0.699"/>
  <testcase classname="com.toolshop.tests.BrandGetValidationTest" name="getBrandByValidId" time="0.711"/>
  <testcase classname="com.toolshop.tests.BrandGetValidationTest" name="getBrandByInValidId" time="0.674"/>
</testsuite> <!-- com.toolshop.tests.BrandGetValidationTest -->
