<?xml version="1.0" encoding="UTF-8"?>
<!-- Generated by org.testng.reporters.JUnitReportReporter -->
<testsuite hostname="home-laptop" failures="0" tests="1" name="com.toolshop.tests.BrandPutValidationTests" time="0.703" errors="0" timestamp="2025-01-09T19:21:54 IST" skipped="0">
  <testcase classname="com.toolshop.tests.BrandPutValidationTests" name="updateBrand" time="0.703"/>
</testsuite> <!-- com.toolshop.tests.BrandPutValidationTests -->
