<?xml version="1.0" encoding="UTF-8"?>
<!-- Generated by org.testng.reporters.JUnitReportReporter -->
<testsuite hostname="home-laptop" failures="0" tests="3" name="com.toolshop.tests.BrandPostValidationTests" time="4.084" errors="0" timestamp="2025-01-02T19:13:50 IST" skipped="0">
  <testcase classname="com.toolshop.tests.BrandPostValidationTests" name="createNewBrandWithValidData" time="2.361"/>
  <testcase classname="com.toolshop.tests.BrandPostValidationTests" name="createNewBrandWithMissingNameField" time="0.776"/>
  <testcase classname="com.toolshop.tests.BrandPostValidationTests" name="createNewBrandWithMissingSlugField" time="0.947"/>
</testsuite> <!-- com.toolshop.tests.BrandPostValidationTests -->
